build/app/intermediates/manifest_merge_blame_file/debug/manifest-merger-blame-debug-report.txt
1<?xml version="1.0" encoding="utf-8"?>
2<manifest xmlns:android="http://schemas.android.com/apk/res/android"
3    package="com.example.redditech"
4    android:versionCode="1"
5    android:versionName="1.0.0" >
6
7    <uses-sdk
8        android:minSdkVersion="21"
9        android:targetSdkVersion="30" />
10    <!--
11         Flutter needs it to communicate with the running application
12         to allow setting breakpoints, to provide hot reload, etc.
13    -->
14    <uses-permission android:name="android.permission.INTERNET" />
14-->src\debug\AndroidManifest.xml:6:5-66
14-->src\debug\AndroidManifest.xml:6:22-64
15    <uses-permission android:name="android.permission.QUERY_ALL_PACKAGES" />
15-->src\main\AndroidManifest.xml:3:5-76
15-->src\main\AndroidManifest.xml:3:22-74
16
17    <queries>
17-->[:flutter_inappwebview] AndroidManifest.xml:7:5-11:15
18        <intent>
18-->[:flutter_inappwebview] AndroidManifest.xml:8:9-10:18
19            <action android:name="android.support.customtabs.action.CustomTabsService" />
19-->[:flutter_inappwebview] AndroidManifest.xml:9:13-90
19-->[:flutter_inappwebview] AndroidManifest.xml:9:21-87
20        </intent>
21    </queries>
22
23    <application
23-->src\main\AndroidManifest.xml:4:4-41:19
24        android:appComponentFactory="androidx.core.app.CoreComponentFactory"
24-->[androidx.core:core:1.3.0] AndroidManifest.xml:24:18-86
25        android:debuggable="true"
26        android:icon="@mipmap/ic_launcher"
26-->src\main\AndroidManifest.xml:6:9-43
27        android:label="redditech" >
27-->src\main\AndroidManifest.xml:5:9-34
28        <activity
28-->src\main\AndroidManifest.xml:7:9-35:20
29            android:name="com.example.redditech.MainActivity"
29-->src\main\AndroidManifest.xml:8:13-41
30            android:configChanges="orientation|keyboardHidden|keyboard|screenSize|smallestScreenSize|locale|layoutDirection|fontScale|screenLayout|density|uiMode"
30-->src\main\AndroidManifest.xml:11:13-163
31            android:hardwareAccelerated="true"
31-->src\main\AndroidManifest.xml:12:13-47
32            android:launchMode="singleTop"
32-->src\main\AndroidManifest.xml:9:13-43
33            android:theme="@style/LaunchTheme"
33-->src\main\AndroidManifest.xml:10:13-47
34            android:windowSoftInputMode="adjustResize" >
34-->src\main\AndroidManifest.xml:13:13-55
35
36            <!--
37                 Specifies an Android theme to apply to this Activity as soon as
38                 the Android process has started. This theme is visible to the user
39                 while the Flutter UI initializes. After that, this theme continues
40                 to determine the Window background behind the Flutter UI.
41            -->
42            <meta-data
42-->src\main\AndroidManifest.xml:18:13-21:17
43                android:name="io.flutter.embedding.android.NormalTheme"
43-->src\main\AndroidManifest.xml:19:15-70
44                android:resource="@style/NormalTheme" />
44-->src\main\AndroidManifest.xml:20:15-52
45            <!--
46                 Displays an Android View that continues showing the launch screen
47                 Drawable until Flutter paints its first frame, then this splash
48                 screen fades out. A splash screen is useful to avoid any visual
49                 gap between the end of Android's launch screen and the painting of
50                 Flutter's first frame.
51            -->
52            <meta-data
52-->src\main\AndroidManifest.xml:27:13-30:17
53                android:name="io.flutter.embedding.android.SplashScreenDrawable"
53-->src\main\AndroidManifest.xml:28:15-79
54                android:resource="@drawable/launch_background" />
54-->src\main\AndroidManifest.xml:29:15-61
55
56            <intent-filter>
56-->src\main\AndroidManifest.xml:31:13-34:29
57                <action android:name="android.intent.action.MAIN" />
57-->src\main\AndroidManifest.xml:32:17-68
57-->src\main\AndroidManifest.xml:32:25-66
58
59                <category android:name="android.intent.category.LAUNCHER" />
59-->src\main\AndroidManifest.xml:33:17-76
59-->src\main\AndroidManifest.xml:33:27-74
60            </intent-filter>
61        </activity>
62        <!--
63             Don't delete the meta-data below.
64             This is used by the Flutter tool to generate GeneratedPluginRegistrant.java
65        -->
66        <meta-data
66-->src\main\AndroidManifest.xml:38:9-40:33
67            android:name="flutterEmbedding"
67-->src\main\AndroidManifest.xml:39:13-44
68            android:value="2" />
68-->src\main\AndroidManifest.xml:40:13-30
69
70        <activity
70-->[:flutter_inappwebview] AndroidManifest.xml:14:9-17:47
71            android:name="com.pichillilorenzo.flutter_inappwebview.in_app_browser.InAppBrowserActivity"
71-->[:flutter_inappwebview] AndroidManifest.xml:15:13-104
72            android:configChanges="orientation|keyboardHidden|keyboard|screenSize|locale|layoutDirection|fontScale|screenLayout|density"
72-->[:flutter_inappwebview] AndroidManifest.xml:16:13-137
73            android:theme="@style/AppTheme" />
73-->[:flutter_inappwebview] AndroidManifest.xml:17:13-44
74        <activity
74-->[:flutter_inappwebview] AndroidManifest.xml:18:9-20:55
75            android:name="com.pichillilorenzo.flutter_inappwebview.chrome_custom_tabs.ChromeCustomTabsActivity"
75-->[:flutter_inappwebview] AndroidManifest.xml:19:13-112
76            android:theme="@style/ThemeTransparent" />
76-->[:flutter_inappwebview] AndroidManifest.xml:20:13-52
77
78        <receiver android:name="com.pichillilorenzo.flutter_inappwebview.chrome_custom_tabs.ActionBroadcastReceiver" />
78-->[:flutter_inappwebview] AndroidManifest.xml:22:9-120
78-->[:flutter_inappwebview] AndroidManifest.xml:22:19-117
79
80        <meta-data
80-->[:flutter_inappwebview] AndroidManifest.xml:24:9-26:36
81            android:name="io.flutter.embedded_views_preview"
81-->[:flutter_inappwebview] AndroidManifest.xml:25:13-61
82            android:value="true" />
82-->[:flutter_inappwebview] AndroidManifest.xml:26:13-33
83
84        <activity
84-->[:url_launcher] AndroidManifest.xml:8:9-11:74
85            android:name="io.flutter.plugins.urllauncher.WebViewActivity"
85-->[:url_launcher] AndroidManifest.xml:9:13-74
86            android:exported="false"
86-->[:url_launcher] AndroidManifest.xml:10:13-37
87            android:theme="@android:style/Theme.NoTitleBar.Fullscreen" />
87-->[:url_launcher] AndroidManifest.xml:11:13-71
88    </application>
89
90</manifest>